C51 COMPILER V9.54   DELAY                                                                 04/17/2026 23:11:13 PAGE 1   


C51 COMPILER V9.54, COMPILATION OF MODULE DELAY
OBJECT MODULE PLACED IN .\Objects\Delay.obj
COMPILER INVOKED BY: D:\Keil5\C51\BIN\C51.EXE Delay.c OPTIMIZE(8,SPEED) BROWSE DEBUG OBJECTEXTEND PRINT(.\Listings\Delay
                    -.lst) OBJECT(.\Objects\Delay.obj)

line level    source

   1          /**
   2            * @brief      бгЪБКЏЪ§ЃЌОЇеё@11.0592MHzЪБЃЌЪфШыВЮЪ§бгЪБЕФЕЅЮЛЪЧ1ms
   3            * @param      xms бгЪБЕФЪБМфЃЌЗЖЮЇЃК0~65535
   4            * @retval     Юо
   5            */
   6            
   7          void Delay(unsigned int xms)
   8          {
   9   1              unsigned char idata i, j;
  10   1              while(xms)
  11   1              {
  12   2                      i = 2;
  13   2                      j = 199;
  14   2                      do
  15   2                      {
  16   3                              while (--j);
  17   3                      } while (--i);
  18   2                      xms--;
  19   2              }
  20   1      }


MODULE INFORMATION:   STATIC OVERLAYABLE
   CODE SIZE        =     31    ----
   CONSTANT SIZE    =   ----    ----
   XDATA SIZE       =   ----    ----
   PDATA SIZE       =   ----    ----
   DATA SIZE        =   ----    ----
   IDATA SIZE       =   ----       2
   BIT SIZE         =   ----    ----
END OF MODULE INFORMATION.


C51 COMPILATION COMPLETE.  0 WARNING(S),  0 ERROR(S)
