C51 COMPILER V9.54   KEY                                                                   04/12/2026 16:55:13 PAGE 1   


C51 COMPILER V9.54, COMPILATION OF MODULE KEY
OBJECT MODULE PLACED IN .\Objects\KEY.obj
COMPILER INVOKED BY: D:\Keil5\C51\BIN\C51.EXE KEY.c OPTIMIZE(8,SPEED) BROWSE DEBUG OBJECTEXTEND PRINT(.\Listings\KEY.lst
                    -) OBJECT(.\Objects\KEY.obj)

line level    source

   1          #include <REGX52.H>
   2          
   3          sbit Key1=P1^0;
   4          sbit Key2=P1^1;
   5          sbit Key3=P3^2;
   6          sbit Key4=P3^3;
   7          
   8          unsigned char idata KeyNumber;
   9          
  10          /**
  11            * @brief  获取独立按键键码
  12            * @param  无
  13            * @retval 按下按键的键码，范围：0,1~13,0表示无按键按下
  14            */
  15          unsigned char Key(void)
  16          {
  17   1              unsigned char KeyTemp=0;
  18   1              KeyTemp=KeyNumber;
  19   1              KeyNumber=0;    //主程序中获取键码值之后键码值清零，在下一次定时器扫描按键之前再次获取键码值，一定会返回0
  20   1              return KeyTemp;
  21   1      }
  22          
  23          /**
  24            * @brief  获取当前按键的状态，无消抖及松手检测
  25            * @param  无
  26            * @retval 按下的按键，范围：0~4，无按键按下时返回值为0
  27            */
  28          unsigned char Key_GetState()
  29          {
  30   1              unsigned char KeyValue=0;
  31   1              
  32   1              if(Key1==0){KeyValue=1;}
  33   1              if(Key2==0){KeyValue=2;}
  34   1              if(Key3==0){KeyValue=3;}
  35   1              if(Key4==0){KeyValue=4;}
  36   1      
  37   1              return KeyValue;
  38   1      }
  39          
  40          
  41          /**
  42            * @brief  按键驱动函数，在中断中调用
  43            * @param  无
  44            * @retval 无
  45            */
  46          void Key_Loop(void)
  47          {
  48   1              static unsigned char NowState,LastState;
  49   1              LastState=NowState;     //按键状态更新
  50   1              NowState=Key_GetState();        //获取当前按键状态
  51   1              
  52   1              //如果上个时间点按键未按下，这个时间点按键按下，则是按下瞬间
  53   1              if(LastState==0)
  54   1              {
C51 COMPILER V9.54   KEY                                                                   04/12/2026 16:55:13 PAGE 2   

  55   2                      switch(NowState)
  56   2                      {
  57   3                              case 1:KeyNumber=1;break;
  58   3                              case 2:KeyNumber=2;break;
  59   3                              case 3:KeyNumber=3;break;
  60   3                              case 4:KeyNumber=4;break;
  61   3                              default:break;
  62   3                      }
  63   2              }
  64   1              
  65   1              //如果上个时间点按键按下，这个时间点按键按下，则是一直按住按键
  66   1              if(LastState==3 && NowState==3){KeyNumber=5;}
  67   1              if(LastState==4 && NowState==4){KeyNumber=6;}
  68   1              
  69   1              //如果上个时间点按键按下，这个时间点按键未按下，则是松手瞬间
  70   1              if(NowState==0)
  71   1              {
  72   2                      switch(LastState)
  73   2                      {
  74   3                              case 1:KeyNumber=9;break;
  75   3                              case 2:KeyNumber=10;break;
  76   3                              case 3:KeyNumber=11;break;
  77   3                              case 4:KeyNumber=12;break;
  78   3                              default:break;
  79   3                      }
  80   2              }
  81   1      }


MODULE INFORMATION:   STATIC OVERLAYABLE
   CODE SIZE        =    147    ----
   CONSTANT SIZE    =   ----    ----
   XDATA SIZE       =   ----    ----
   PDATA SIZE       =   ----    ----
   DATA SIZE        =      2    ----
   IDATA SIZE       =      1    ----
   BIT SIZE         =   ----    ----
END OF MODULE INFORMATION.


C51 COMPILATION COMPLETE.  0 WARNING(S),  0 ERROR(S)
