C51 COMPILER V9.54   LCD1602                                                               05/19/2026 13:54:16 PAGE 1   


C51 COMPILER V9.54, COMPILATION OF MODULE LCD1602
OBJECT MODULE PLACED IN .\Objects\LCD1602.obj
COMPILER INVOKED BY: D:\Keil5\C51\BIN\C51.EXE LCD1602.c OPTIMIZE(8,SPEED) BROWSE DEBUG OBJECTEXTEND PRINT(.\Listings\LCD
                    -1602.lst) OBJECT(.\Objects\LCD1602.obj)

line level    source

   1          #include <REGX52.H>
   2          
   3          //引脚配置：
   4          sbit LCD_RS=P2^6;
   5          sbit LCD_RW=P2^5;
   6          sbit LCD_EN=P2^7;
   7          #define LCD_DataPort P0
   8          
   9          unsigned char code CGRAMData[]={
  10          0x07,0x05,0x07,0x00,0x00,0x00,0x00,0x00,        //摄氏度的圆圈
  11          };
  12          
  13          //函数定义：
  14          /**
  15            * @brief  LCD1602私有延时函数，11.0592MHz调用可延时101us
  16            * @param  无
  17            * @retval 无
  18            */
  19          void LCD_Delay101us(void)
  20          {
  21   1              unsigned char i;
  22   1      
  23   1              i=44;
  24   1              while(--i);
  25   1      }
  26          
  27          /**
  28            * @brief  LCD1602延时函数，11.0592MHz调用可延时2ms
  29            * @param  无
  30            * @retval 无
  31            */
  32          void LCD_Delay2ms(void)
  33          {
  34   1              unsigned char i, j;
  35   1      
  36   1              i=4;
  37   1              j=146;
  38   1              do
  39   1              {
  40   2                      while(--j);
  41   2              }while(--i);
  42   1      }
  43          
  44          /**
  45            * @brief  LCD1602写指令
  46            * @param  Command 要写入的指令
  47            * @retval 无
  48            */
  49          void LCD_WriteCommand(unsigned char Command)
  50          {
  51   1              LCD_RS=0;
  52   1              LCD_RW=0;
  53   1              LCD_DataPort=Command;
  54   1              LCD_EN=1;
C51 COMPILER V9.54   LCD1602                                                               05/19/2026 13:54:16 PAGE 2   

  55   1              LCD_Delay101us();
  56   1              LCD_EN=0;
  57   1              LCD_Delay101us();
  58   1      }
  59          
  60          /**
  61            * @brief  LCD1602写数据
  62            * @param  Data 要写入的数据
  63            * @retval 无
  64            */
  65          void LCD_WriteData(unsigned char Data)
  66          {
  67   1              LCD_RS=1;
  68   1              LCD_RW=0;
  69   1              LCD_DataPort=Data;
  70   1              LCD_EN=1;
  71   1              LCD_Delay101us();
  72   1              LCD_EN=0;
  73   1              LCD_Delay101us();
  74   1      }
  75          
  76          /**
  77            * @brief  LCD1602设置光标位置
  78            * @param  Line 行位置，范围：1~2
  79            * @param  Column 列位置，范围：1~16
  80            * @retval 无
  81            */
  82          void LCD_SetCursor(unsigned char Line,unsigned char Column)
  83          {
  84   1              if(Line==1)
  85   1              {
  86   2                      LCD_WriteCommand(0x80|(Column-1));
  87   2              }
  88   1              else if(Line==2)
  89   1              {
  90   2                      LCD_WriteCommand(0x80|(Column-1+0x40));
  91   2              }
  92   1      }
  93          
  94          /**
  95            * @brief  LCD1602初始化函数
  96            * @param  无
  97            * @retval 无
  98            */
  99          void LCD_Init()
 100          {
 101   1              LCD_WriteCommand(0x38); //八位数据接口，两行显示，5*7点阵
 102   1              LCD_WriteCommand(0x0C); //显示开，光标关，闪烁关
 103   1              LCD_WriteCommand(0x06); //数据读写操作后，光标自动加一，画面不动
 104   1              LCD_WriteCommand(0x01); //光标复位，清屏
 105   1              LCD_Delay2ms(); //清屏指令执行需要较长时间，需要较长的延时
 106   1      }
 107          
 108          /**
 109            * @brief  在LCD1602指定位置上显示一个字符
 110            * @param  Line 行位置，范围：1~2
 111            * @param  Column 列位置，范围：1~16
 112            * @param  Char 要显示的字符
 113            * @retval 无
 114            */
 115          void LCD_ShowChar(unsigned char Line,unsigned char Column,char Char)
 116          {
C51 COMPILER V9.54   LCD1602                                                               05/19/2026 13:54:16 PAGE 3   

 117   1              LCD_SetCursor(Line,Column);
 118   1              LCD_WriteData(Char);
 119   1      }
 120          
 121          /**
 122            * @brief  在LCD1602指定位置开始显示所给字符串
 123            * @param  Line 起始行位置，范围：1~2
 124            * @param  Column 起始列位置，范围：1~16
 125            * @param  String 要显示的字符串
 126            * @retval 无
 127            */
 128          void LCD_ShowString(unsigned char Line,unsigned char Column,char *String)
 129          {
 130   1              unsigned char i;
 131   1              LCD_SetCursor(Line,Column);
 132   1              for(i=0;String[i]!='\0';i++)
 133   1              {
 134   2                      LCD_WriteData(String[i]);
 135   2              }
 136   1      }
 137          
 138          /**
 139            * @brief  返回值=X的Y次方
 140            */
 141          int LCD_Pow(int X,int Y)
 142          {
 143   1              unsigned char i;
 144   1              int Result=1;
 145   1              for(i=0;i<Y;i++)
 146   1              {
 147   2                      Result*=X;
 148   2              }
 149   1              return Result;
 150   1      }
 151          
 152          /**
 153            * @brief  在LCD1602指定位置开始显示所给数字
 154            * @param  Line 起始行位置，范围：1~2
 155            * @param  Column 起始列位置，范围：1~16
 156            * @param  Number 要显示的数字，范围：0~65535
 157            * @param  Length 要显示数字的长度，范围：1~5
 158            * @retval 无
 159            */
 160          void LCD_ShowNum(unsigned char Line,unsigned char Column,unsigned int Number,unsigned char Length)
 161          {
 162   1              unsigned char i;
 163   1              LCD_SetCursor(Line,Column);
 164   1              for(i=Length;i>0;i--)
 165   1              {
 166   2                      LCD_WriteData(Number/LCD_Pow(10,i-1)%10+'0');
 167   2              }
 168   1      }
 169          
 170          /**
 171            * @brief  在LCD1602指定位置开始以有符号十进制显示所给数字
 172            * @param  Line 起始行位置，范围：1~2
 173            * @param  Column 起始列位置，范围：1~16
 174            * @param  Number 要显示的数字，范围：-32768~32767
 175            * @param  Length 要显示数字的长度，范围：1~5
 176            * @retval 无
 177            */
 178          void LCD_ShowSignedNum(unsigned char Line,unsigned char Column,int Number,unsigned char Length)
C51 COMPILER V9.54   LCD1602                                                               05/19/2026 13:54:16 PAGE 4   

 179          {
 180   1              unsigned char i;
 181   1              unsigned int Number1;
 182   1              LCD_SetCursor(Line,Column);
 183   1              if(Number>=0)
 184   1              {
 185   2                      LCD_WriteData('+');
 186   2                      Number1=Number;
 187   2              }
 188   1              else
 189   1              {
 190   2                      LCD_WriteData('-');
 191   2                      Number1=-Number;
 192   2              }
 193   1              for(i=Length;i>0;i--)
 194   1              {
 195   2                      LCD_WriteData(Number1/LCD_Pow(10,i-1)%10+'0');
 196   2              }
 197   1      }
 198          
 199          /**
 200            * @brief  在LCD1602指定位置开始以十六进制显示所给数字
 201            * @param  Line 起始行位置，范围：1~2
 202            * @param  Column 起始列位置，范围：1~16
 203            * @param  Number 要显示的数字，范围：0~0xFFFF
 204            * @param  Length 要显示数字的长度，范围：1~4
 205            * @retval 无
 206            */
 207          void LCD_ShowHexNum(unsigned char Line,unsigned char Column,unsigned int Number,unsigned char Length)
 208          {
 209   1              unsigned char i,SingleNumber;
 210   1              LCD_SetCursor(Line,Column);
 211   1              for(i=Length;i>0;i--)
 212   1              {
 213   2                      SingleNumber=Number/LCD_Pow(16,i-1)%16;
 214   2                      if(SingleNumber<10)
 215   2                      {
 216   3                              LCD_WriteData(SingleNumber+'0');
 217   3                      }
 218   2                      else
 219   2                      {
 220   3                              LCD_WriteData(SingleNumber-10+'A');
 221   3                      }
 222   2              }
 223   1      }
 224          
 225          /**
 226            * @brief  在LCD1602指定位置开始以二进制显示所给数字
 227            * @param  Line 起始行位置，范围：1~2
 228            * @param  Column 起始列位置，范围：1~16
 229            * @param  Number 要显示的数字，范围：0~1111 1111 1111 1111
 230            * @param  Length 要显示数字的长度，范围：1~16
 231            * @retval 无
 232            */
 233          void LCD_ShowBinNum(unsigned char Line,unsigned char Column,unsigned int Number,unsigned char Length)
 234          {
 235   1              unsigned char i;
 236   1              LCD_SetCursor(Line,Column);
 237   1              for(i=Length;i>0;i--)
 238   1              {
 239   2                      LCD_WriteData(Number/LCD_Pow(2,i-1)%2+'0');
 240   2              }
C51 COMPILER V9.54   LCD1602                                                               05/19/2026 13:54:16 PAGE 5   

 241   1      }
 242          
 243          /**
 244            * @brief  在LCD1602的CGRAM中写入8个自定义字符的64个字节，每个5*8点阵横向取模，使用每个字节的低5位
 245            * @param  无
 246            * @retval 无
 247            */
 248          void LCD_MakeChar(void)
 249          {
 250   1              unsigned char i;
 251   1              LCD_WriteCommand(0x40); //CGRAM起始地址为0x40
 252   1              for(i=0;i<8;i++)        //01XX XXXX，最多可以在CGRAM中写入64个数据，一个自定义字符对应8个数据
 253   1              {
 254   2                      LCD_WriteData(CGRAMData[i]);
 255   2              }
 256   1      }
 257          
 258          /**
 259            * @brief  LCD1602的光标复位，清屏
 260            * @param  无
 261            * @retval 无
 262            */
 263          void LCD_Clear(void)
 264          {
 265   1              LCD_WriteCommand(0x01);
 266   1              LCD_Delay2ms();
 267   1      }
 268          
 269          /**
 270            * @brief  LCD1602的屏幕向左移动一个字符位，光标不动
 271            * @param  无
 272            * @retval 无
 273            */
 274          void LCD_MoveLeft(void)
 275          {
 276   1              LCD_WriteCommand(0x18);
 277   1      }
 278          
 279          /**
 280            * @brief  LCD1602的屏幕向左移动一个字符位，光标不动
 281            * @param  无
 282            * @retval 无
 283            */
 284          void LCD_MoveRight(void)
 285          {
 286   1              LCD_WriteCommand(0x1C);
 287   1      }


MODULE INFORMATION:   STATIC OVERLAYABLE
   CODE SIZE        =    440    ----
   CONSTANT SIZE    =      8    ----
   XDATA SIZE       =   ----    ----
   PDATA SIZE       =   ----    ----
   DATA SIZE        =   ----      29
   IDATA SIZE       =   ----    ----
   BIT SIZE         =   ----    ----
END OF MODULE INFORMATION.


C51 COMPILATION COMPLETE.  0 WARNING(S),  0 ERROR(S)
