C51 COMPILER V9.54   TIME                                                                  05/19/2026 14:18:28 PAGE 1   


C51 COMPILER V9.54, COMPILATION OF MODULE TIME
OBJECT MODULE PLACED IN .\Objects\Time.obj
COMPILER INVOKED BY: D:\Keil5\C51\BIN\C51.EXE Time.c OPTIMIZE(8,SPEED) BROWSE DEBUG OBJECTEXTEND PRINT(.\Listings\Time.l
                    -st) OBJECT(.\Objects\Time.obj)

line level    source

   1          #include <REGX52.H>
   2          #include "LCD1602.h"
   3          #include "DS1302.h"
   4          #include "Relay.h"
   5          
   6          unsigned char TimeFlashFlag;    //ЙиЦГК±јдК±ЙБЛёµД±кЦѕЈ¬1ЈєІ»ПФКѕЈ¬0ЈєПФКѕ
   7          unsigned char THFlashFlag;   // 1=ПФКѕ  0=І»ПФКѕЈЁЙБЛёУГЈ©
   8          unsigned char TimeMode; //К±јдДЈКЅЈ¬0ЈєХэіЈЧЯК±ДЈКЅЈ¬1ЈєЙиЦГК±јдДЈКЅЈ¬2ЈєЙиЦГОВКЄ¶ИЙППВПЮДЈКЅ
   9          unsigned char TimeSelect;       //К±јдСЎФс±дБї
  10          unsigned char THSelect; //ОВКЄ¶ИСЎФс±дБї
  11          unsigned char StaticShowFlag;   //ЗР»»ДЈКЅК±LCD1602ПФКѕѕІМ¬ЧЦ·ыµД±кЦѕЈ¬1ЈєЗеЖБєНПФКѕѕІМ¬ЧЦ·ыЈ¬0ЈєІ»ЗеЖБєНІ»Ц
             -ШёґПФКѕѕІМ¬ЧЦ·ы
  12          
  13          void TimeShow(void)     //К±јдПФКѕ№¦ДЬ
  14          {
  15   1              if(TimeMode==1&&TimeFlashFlag==1&&TimeSelect==0){LCD_ShowString(1,1,"  ");}     //ЙиЦГК±јдК±ЙБЛё
  16   1              else{LCD_ShowNum(1,1,DS1302_Time[0],2);}        //ПФКѕДк
  17   1              if(TimeMode==1&& TimeFlashFlag==1&&TimeSelect==1){LCD_ShowString(1,4,"  ");}
  18   1              else{LCD_ShowNum(1,4,DS1302_Time[1],2);}        //ПФКѕФВ
  19   1              if(TimeMode==1&& TimeFlashFlag==1&&TimeSelect==2){LCD_ShowString(1,7,"  ");}
  20   1              else{LCD_ShowNum(1,7,DS1302_Time[2],2);}        //ПФКѕИХ
  21   1              if(TimeMode==1&& TimeFlashFlag==1&&TimeSelect==3){LCD_ShowString(1,10,"   ");}
  22   1              else
  23   1              {               
  24   2                      switch(DS1302_Time[6])
  25   2                      {
  26   3                              case 1 : LCD_ShowString(1,10,"Mon");break;
  27   3                              case 2 : LCD_ShowString(1,10,"Tue");break;
  28   3                              case 3 : LCD_ShowString(1,10,"Wed");break;
  29   3                              case 4 : LCD_ShowString(1,10,"Thu");break;
  30   3                              case 5 : LCD_ShowString(1,10,"Fri");break;
  31   3                              case 6 : LCD_ShowString(1,10,"Sat");break;
  32   3                              case 7 : LCD_ShowString(1,10,"Sun");break;
  33   3                      }
  34   2              }       //ПФКѕЦЬ
  35   1              if(TimeMode==1&&TimeFlashFlag==1&&TimeSelect==4){LCD_ShowString(2,1,"  ");}
  36   1              else{LCD_ShowNum(2,1,DS1302_Time[3],2);}        //ПФКѕК±
  37   1              if(TimeMode==1&&TimeFlashFlag==1&&TimeSelect==5){LCD_ShowString(2,4,"  ");}
  38   1              else{LCD_ShowNum(2,4,DS1302_Time[4],2);}        //ПФКѕ·Ц
  39   1              if(TimeMode==1&&TimeFlashFlag==1&&TimeSelect==6){LCD_ShowString(2,7,"  ");}
  40   1              else{LCD_ShowNum(2,7,DS1302_Time[5],2);}        //ПФКѕГл
  41   1      }
  42          
  43          void TimeCheck(void)    //К±јдФЅЅзЕР¶ПЈ¬·АЦ№ПтDS1302РґИлґнОуКэѕЭ
  44          {
  45   1                      if(DS1302_Time[0]<0){DS1302_Time[0]=99;}        //ДкФЅЅзЕР¶ПЈ¬·¶О§Јє0~99
  46   1                      if(DS1302_Time[0]>99){DS1302_Time[0]=0;}
  47   1                      if(DS1302_Time[1]<1){DS1302_Time[1]=12;}        //ФВФЅЅзЕР¶ПЈ¬Ј¬·¶О§Јє1~12
  48   1                      if(DS1302_Time[1]>12){DS1302_Time[1]=1;}
  49   1                      if(DS1302_Time[1]==1 || DS1302_Time[1]==3 || DS1302_Time[1]==5 || DS1302_Time[1]==7 || DS1302_Time[1]==8
             - || DS1302_Time[1]==10 || DS1302_Time[1]==12) //ИХФЅЅзЕР¶ПЈ¬Зш·ЦґуРЎФВЎўИтДк2ФВЎўЖЅДк2ФВ
  50   1                      {
  51   2                              if(DS1302_Time[2]<1){DS1302_Time[2]=31;}        //ґуФВ
  52   2                              if(DS1302_Time[2]>31){DS1302_Time[2]=1;}
C51 COMPILER V9.54   TIME                                                                  05/19/2026 14:18:28 PAGE 2   

  53   2                      }
  54   1                      else if(DS1302_Time[1]==4 || DS1302_Time[1]==6 || DS1302_Time[1]==9 || DS1302_Time[1]==11)
  55   1                      {
  56   2                              if(DS1302_Time[2]<1){DS1302_Time[2]=30;}        //РЎФВ
  57   2                              if(DS1302_Time[2]>30){DS1302_Time[2]=1;}
  58   2                      }
  59   1                      else if(DS1302_Time[1]==2)
  60   1                      {
  61   2                              if(DS1302_Time[0]%4==0)
  62   2                              {
  63   3                                      if(DS1302_Time[2]<1){DS1302_Time[2]=29;}        //ИтДк2ФВ
  64   3                                      if(DS1302_Time[2]>29){DS1302_Time[2]=1;}
  65   3                              }
  66   2                              else
  67   2                              {
  68   3                                      if(DS1302_Time[2]<1){DS1302_Time[2]=28;}        //ЖЅДк2ФВ
  69   3                                      if(DS1302_Time[2]>28){DS1302_Time[2]=1;}
  70   3                              }
  71   2                      }
  72   1                      if(DS1302_Time[3]<0){DS1302_Time[3]=23;}        //К±ФЅЅзЕР¶ПЈ¬·¶О§Јє0~23
  73   1                      if(DS1302_Time[3]>23){DS1302_Time[3]=0;}
  74   1                      if(DS1302_Time[4]<0){DS1302_Time[4]=59;}        //·ЦФЅЅзЕР¶ПЈ¬·¶О§Јє0~59
  75   1                      if(DS1302_Time[4]>59){DS1302_Time[4]=0;}        
  76   1                      if(DS1302_Time[5]>59){DS1302_Time[5]=0;}        //ГлФЅЅзЕР¶ПЈ¬·¶О§Јє0~59        
  77   1                      if(DS1302_Time[6]<1){DS1302_Time[6]=7;}         //ЦЬФЅЅзЕР¶ПЈ¬·¶О§Јє1~7
  78   1                      if(DS1302_Time[6]>7){DS1302_Time[6]=1;}         
  79   1      }
  80          
  81          void TimeUpdate(void)   //ЙиЦГК±°ґПВЈЁ¶М°ґ»ті¤°ґЈ©K3єНK4ёьРВПФКѕК±јд
  82          {
  83   1              LCD_ShowNum(1,1,DS1302_Time[0],2);      //ПФКѕДк
  84   1              LCD_ShowNum(1,4,DS1302_Time[1],2);      //ПФКѕФВ
  85   1              LCD_ShowNum(1,7,DS1302_Time[2],2);      //ПФКѕИХ
  86   1              switch(DS1302_Time[6])  //ПФКѕЦЬ
  87   1              {
  88   2                      case 1 : LCD_ShowString(1,10,"Mon");break;
  89   2                      case 2 : LCD_ShowString(1,10,"Tue");break;
  90   2                      case 3 : LCD_ShowString(1,10,"Wen");break;
  91   2                      case 4 : LCD_ShowString(1,10,"Thu");break;
  92   2                      case 5 : LCD_ShowString(1,10,"Fri");break;
  93   2                      case 6 : LCD_ShowString(1,10,"Sat");break;
  94   2                      case 7 : LCD_ShowString(1,10,"Sun");break;
  95   2              }
  96   1              LCD_ShowNum(2,1,DS1302_Time[3],2);      //ПФКѕК±
  97   1              LCD_ShowNum(2,4,DS1302_Time[4],2);      //ПФКѕ·Ц
  98   1              LCD_ShowNum(2,7,DS1302_Time[5],2);      //ПФКѕГл
  99   1      }
 100          
 101          void THSet_Show(void)
 102          {
 103   1          static unsigned char last_select=99;   // јЗВјЙПТ»ґОСЎЦРµДПоЈ¬УГУЪЎ°ЦШЛўЎ±
 104   1          if (StaticShowFlag)                      // µЪТ»ґОЅшИлДЈКЅ 2
 105   1          {
 106   2              StaticShowFlag=0;
 107   2              LCD_Clear();
 108   2              LCD_ShowString(1,1,"T_H:   T_L:  ");
 109   2              LCD_ShowString(2,1,"H_H:   H_L:  ");
 110   2              last_select=99;                    // ЗїЦЖЛўРВ
 111   2          }
 112   1          /* Из№ыСЎЦРПо±дБЛЈ¬ТІЦШРВЛўѕІМ¬ЧЦЈЁ±ЈПХЈ© */
 113   1          if (THSelect!=last_select)
 114   1          {
C51 COMPILER V9.54   TIME                                                                  05/19/2026 14:18:28 PAGE 3   

 115   2              LCD_Clear();
 116   2              LCD_ShowString(1,1,"T_H:   T_L:  ");
 117   2              LCD_ShowString(2,1,"H_H:   H_L:  ");
 118   2              last_select=THSelect;
 119   2          }
 120   1      
 121   1          /* T_H */
 122   1          if(THSelect==0&&!THFlashFlag){LCD_ShowString(1,5,"  ");}
 123   1          else {LCD_ShowNum(1,5,Relay_GetTempHigh(),2);}
 124   1          /* T_L */
 125   1          if(THSelect==1&&!THFlashFlag){LCD_ShowString(1,12,"  ");}
 126   1          else {LCD_ShowNum(1,12,Relay_GetTempLow(),2);}
 127   1          /* H_H */
 128   1          if(THSelect==2&&!THFlashFlag){LCD_ShowString(2,5,"  ");}
 129   1          else {LCD_ShowNum(2,5,Relay_GetHumiHigh(),2);}
 130   1          /* H_L */
 131   1          if(THSelect==3&&!THFlashFlag){LCD_ShowString(2,12,"  ");}
 132   1          else {LCD_ShowNum(2,12,Relay_GetHumiLow(),2);}
 133   1      }


MODULE INFORMATION:   STATIC OVERLAYABLE
   CODE SIZE        =   1161    ----
   CONSTANT SIZE    =     67    ----
   XDATA SIZE       =   ----    ----
   PDATA SIZE       =   ----    ----
   DATA SIZE        =      7    ----
   IDATA SIZE       =   ----    ----
   BIT SIZE         =   ----    ----
END OF MODULE INFORMATION.


C51 COMPILATION COMPLETE.  0 WARNING(S),  0 ERROR(S)
