C51 COMPILER V9.54   UART                                                                  05/19/2026 13:36:50 PAGE 1   


C51 COMPILER V9.54, COMPILATION OF MODULE UART
OBJECT MODULE PLACED IN .\Objects\UART.obj
COMPILER INVOKED BY: D:\Keil5\C51\BIN\C51.EXE UART.c OPTIMIZE(8,SPEED) BROWSE DEBUG OBJECTEXTEND PRINT(.\Listings\UART.l
                    -st) OBJECT(.\Objects\UART.obj)

line level    source

   1          #include <REGX52.H>
   2          
   3          void UART_Init()
   4          {
   5   1          SCON=0x50;  // 串口模式1，允许接收
   6   1          TMOD|=0x20; // 定时器1，模式2 (8位自动重装)
   7   1          TMOD&=~0x10;
   8   1          TH1=0xFA;   // 9600bps (晶振11.0592MHz)
   9   1          TL1=0xfa;
  10   1          PCON|=0x80; // SMOD=1 (波特率加倍)
  11   1          TR1=1;      // 启动定时器1
  12   1          TI=0;
  13   1          RI=0;
  14   1          ES=1;       // 允许串口中断
  15   1      }


MODULE INFORMATION:   STATIC OVERLAYABLE
   CODE SIZE        =     27    ----
   CONSTANT SIZE    =   ----    ----
   XDATA SIZE       =   ----    ----
   PDATA SIZE       =   ----    ----
   DATA SIZE        =   ----    ----
   IDATA SIZE       =   ----    ----
   BIT SIZE         =   ----    ----
END OF MODULE INFORMATION.


C51 COMPILATION COMPLETE.  0 WARNING(S),  0 ERROR(S)
